<?xml version="1.0" encoding="UTF-8"?>
<!-- Generated by org.testng.reporters.JUnitReportReporter -->
<testsuite hostname="DESKTOP-7EECRMV" failures="0" tests="2" name="Cucumber.TestNGTestRunner" time="61.713" errors="0" timestamp="2024-08-10T23:12:54 UYT" skipped="0">
  <testcase classname="Cucumber.TestNGTestRunner" name="runScenario" time="29.151"/>
  <testcase classname="Cucumber.TestNGTestRunner" name="runScenario" time="32.562"/>
</testsuite> <!-- Cucumber.TestNGTestRunner -->
