<?xml version="1.0" encoding="UTF-8"?>
<!-- Generated by org.testng.reporters.JUnitReportReporter -->
<testsuite hostname="DESKTOP-7EECRMV" failures="0" tests="1" name="elcoso.SubmitOrderTest" time="23.141" errors="0" timestamp="2024-08-06T00:56:17 UYT" skipped="0">
  <testcase classname="elcoso.SubmitOrderTest" name="prueba" time="23.141"/>
</testsuite> <!-- elcoso.SubmitOrderTest -->
