<?xml version="1.0" encoding="UTF-8"?>
<!-- Generated by org.testng.reporters.JUnitReportReporter -->
<testsuite hostname="DESKTOP-7EECRMV" failures="0" tests="2" name="elcoso.Tests.ErrorValidations" time="61.041" errors="0" timestamp="2024-08-10T21:51:37 UYT" skipped="0">
  <testcase classname="elcoso.Tests.ErrorValidations" name="loginErrorValidation" time="28.907"/>
  <testcase classname="elcoso.Tests.ErrorValidations" name="productErrorValidation" time="32.134"/>
</testsuite> <!-- elcoso.Tests.ErrorValidations -->
