<?xml version="1.0" encoding="UTF-8"?>
<!-- Generated by org.testng.reporters.JUnitReportReporter -->
<testsuite hostname="DESKTOP-7EECRMV" failures="0" tests="1" name="elcoso.Tests.StandaloneTest" time="11.738" errors="0" timestamp="2024-08-10T21:47:57 UYT" skipped="0">
  <testcase classname="elcoso.Tests.StandaloneTest" name="prueba" time="11.738"/>
</testsuite> <!-- elcoso.Tests.StandaloneTest -->
