<?xml version="1.0" encoding="UTF-8"?>
<!-- Generated by org.testng.reporters.JUnitReportReporter -->
<testsuite hostname="DESKTOP-7EECRMV" failures="0" tests="1" name="elcoso.StandaloneTest" time="12.957" errors="0" timestamp="2024-07-03T21:28:10 UYT" skipped="0">
  <testcase classname="elcoso.StandaloneTest" name="prueba" time="12.957"/>
</testsuite> <!-- elcoso.StandaloneTest -->
