<?xml version="1.0" encoding="UTF-8"?>
<!-- Generated by org.testng.reporters.JUnitReportReporter -->
<testsuite hostname="DESKTOP-7EECRMV" failures="0" tests="2" name="elcoso.Tests.ErrorValidations" time="18.559" errors="0" timestamp="2024-08-10T23:35:38 UYT" skipped="0">
  <testcase classname="elcoso.Tests.ErrorValidations" name="productErrorValidation" time="10.605"/>
  <testcase classname="elcoso.Tests.ErrorValidations" name="loginErrorValidation" time="7.954"/>
</testsuite> <!-- elcoso.Tests.ErrorValidations -->
