<?xml version="1.0" encoding="UTF-8"?>
<!-- Generated by org.testng.reporters.JUnitReportReporter -->
<testsuite hostname="DESKTOP-7EECRMV" failures="0" tests="2" name="Cucumber.TestNGTestRunner" time="19.439" errors="0" timestamp="2024-08-10T23:37:00 UYT" skipped="0">
  <testcase classname="Cucumber.TestNGTestRunner" name="runScenario" time="8.407"/>
  <testcase classname="Cucumber.TestNGTestRunner" name="runScenario" time="11.032"/>
</testsuite> <!-- Cucumber.TestNGTestRunner -->
